{
  "stats": {
    "suites": 1,
    "tests": 9,
    "passes": 8,
    "pending": 0,
    "failures": 1,
    "start": "2024-02-08T10:54:12.358Z",
    "end": "2024-02-08T10:54:34.459Z",
    "duration": 22101,
    "testsRegistered": 9,
    "passPercent": 88.88888888888889,
    "pendingPercent": 0,
    "other": 0,
    "hasOther": false,
    "skipped": 0,
    "hasSkipped": false
  },
  "results": [
    {
      "uuid": "e3fc1c49-41d7-4640-8b07-5a594ef5569d",
      "title": "",
      "fullFile": "cypress/e2e/RegistrationTest.cy.ts",
      "file": "cypress/e2e/RegistrationTest.cy.ts",
      "beforeHooks": [],
      "afterHooks": [],
      "tests": [],
      "suites": [
        {
          "uuid": "4e9fc383-09ef-441e-848a-eedb9e405cdf",
          "title": "Registration Component",
          "fullFile": "",
          "file": "",
          "beforeHooks": [],
          "afterHooks": [],
          "tests": [
            {
              "title": "Test1:-should display error for blank email and password",
              "fullTitle": "Registration Component Test1:-should display error for blank email and password",
              "timedOut": null,
              "duration": 6522,
              "state": "passed",
              "speed": "medium",
              "pass": true,
              "fail": false,
              "pending": false,
              "context": null,
              "code": "cy.get('a').contains('Get started for free').click();\ncy.get(\"button[type='submit']\").type('Log In').click({ force: true });\ncy.get('[name=\"firstName\"]').should('have.value', '');\ncy.contains('First name is required').type(\"eq\", \"First name is required\");\ncy.get('[name=\"lastName\"]').should('have.value', '');\ncy.contains('Last name is required').type(\"eq\", \"Last name is required\");\ncy.get('[name=\"mobileNo\"]').should('have.value', '');\ncy.contains('Mobile number is required').type(\"eq\", \"Mobile number is required\");\ncy.get('[name=\"email\"]').should('have.value', '');\ncy.contains('Email is required').type(\"eq\", \"Email is required\");\ncy.get('[name=\"password\"]').should('have.value', '');\ncy.contains('Password is required').type(\"eq\", \"Password is required\");\ncy.get('[name=\"confirmPassword\"]').should('have.value', '');\ncy.contains('Password confirmation is required').type(\"eq\", \"Password confirmation is required\");",
              "err": {},
              "uuid": "2432cdb3-7ccf-44bb-b640-51e489678713",
              "parentUUID": "4e9fc383-09ef-441e-848a-eedb9e405cdf",
              "isHook": false,
              "skipped": false
            },
            {
              "title": "Test2:-should validate email format",
              "fullTitle": "Registration Component Test2:-should validate email format",
              "timedOut": null,
              "duration": 1661,
              "state": "passed",
              "speed": "fast",
              "pass": true,
              "fail": false,
              "pending": false,
              "context": null,
              "code": "cy.get('a').contains('Get started for free').click();\ncy.get('[name=\"email\"]').type(jsonRegister.emailid);\ncy.get('[name=\"password\"]').click();\n// Check if email format is valid using a regular expression\nexpect(/\\b[A-Za-z0-9._%+-]+@[A-Za-z0-9.-]+\\.[A-Z|a-z]{2,}\\b/.test(jsonRegister.emailid)).to.be.true;",
              "err": {},
              "uuid": "37431264-ab0e-4864-90eb-b3cce66fd763",
              "parentUUID": "4e9fc383-09ef-441e-848a-eedb9e405cdf",
              "isHook": false,
              "skipped": false
            },
            {
              "title": "Test3:-should validation display when enter invalid email format",
              "fullTitle": "Registration Component Test3:-should validation display when enter invalid email format",
              "timedOut": null,
              "duration": 1151,
              "state": "passed",
              "speed": "fast",
              "pass": true,
              "fail": false,
              "pending": false,
              "context": null,
              "code": "cy.get('a').contains('Get started for free').click();\ncy.get('[name=\"email\"]').type(jsonRegister.demailid);\ncy.get('[name=\"password\"]').click();\ncy.contains('Wrong email format').type(\"eq\", \"Wrong email format\");\n// Check if email format is valid using a regular expression\n//expect(/\\b[A-Za-z0-9._%+-]+@[A-Za-z0-9.-]+\\.[A-Z|a-z]{2,}\\b/.test(emailid)).to.be.true;",
              "err": {},
              "uuid": "ff4c902b-5bf8-4640-843c-3d85efd4714b",
              "parentUUID": "4e9fc383-09ef-441e-848a-eedb9e405cdf",
              "isHook": false,
              "skipped": false
            },
            {
              "title": "Test4:-should validatation display password requirements like a (Password must include at least 8 characters, one special character, one digit, one uppercase and one lowercase letter)",
              "fullTitle": "Registration Component Test4:-should validatation display password requirements like a (Password must include at least 8 characters, one special character, one digit, one uppercase and one lowercase letter)",
              "timedOut": null,
              "duration": 957,
              "state": "passed",
              "speed": "fast",
              "pass": true,
              "fail": false,
              "pending": false,
              "context": null,
              "code": "cy.get('a').contains('Get started for free').click();\ncy.get('[name=\"password\"]').type(jsonRegister.dpassword);\ncy.get('[name=\"email\"]').click();\ncy.contains('Password must include at least 8 characters, one special character, one digit, one uppercase and one lowercase letter')\n    .type(\"eq\", \"Password must include at least 8 characters, one special character, one digit, one uppercase and one lowercase letter\");\nexpect(jsonRegister.dpassword.length).to.be.at.least(8);",
              "err": {},
              "uuid": "b6a71f55-2b6e-42b3-9814-7b2644237715",
              "parentUUID": "4e9fc383-09ef-441e-848a-eedb9e405cdf",
              "isHook": false,
              "skipped": false
            },
            {
              "title": "Test5:-should validate password requirements like a (Password must include at least 8 characters, one special character, one digit, one uppercase and one lowercase letter)",
              "fullTitle": "Registration Component Test5:-should validate password requirements like a (Password must include at least 8 characters, one special character, one digit, one uppercase and one lowercase letter)",
              "timedOut": null,
              "duration": 795,
              "state": "passed",
              "speed": "fast",
              "pass": true,
              "fail": false,
              "pending": false,
              "context": null,
              "code": "cy.get('a').contains('Get started for free').click();\ncy.get('[name=\"password\"]').type(jsonRegister.password);\ncy.get('[name=\"email\"]').click();\nexpect(jsonRegister.password.length).to.be.at.least(8);\nexpect(/[!@#$%^&*()_+\\-=\\[\\]{};':\"\\\\|,.<>\\/?]+/.test(jsonRegister.password)).to.be.true;\nexpect(/\\d+/.test(jsonRegister.password)).to.be.true;\nexpect(/[A-Z]+/.test(jsonRegister.password)).to.be.true;\nexpect(/[a-z]+/.test(jsonRegister.password)).to.be.true;",
              "err": {},
              "uuid": "2976b8be-53f2-43b1-b338-2adb52f0c84b",
              "parentUUID": "4e9fc383-09ef-441e-848a-eedb9e405cdf",
              "isHook": false,
              "skipped": false
            },
            {
              "title": "Test6:-should displays validation message when passwords and re-enter password do not match",
              "fullTitle": "Registration Component Test6:-should displays validation message when passwords and re-enter password do not match",
              "timedOut": null,
              "duration": 1153,
              "state": "passed",
              "speed": "fast",
              "pass": true,
              "fail": false,
              "pending": false,
              "context": null,
              "code": "cy.get('a').contains('Get started for free').click();\ncy.get('[name=\"password\"]').type(jsonRegister.password);\ncy.get('[name=\"confirmPassword\"]').type(jsonRegister.ipassword);\ncy.get('[name=\"email\"]').click();\ncy.contains(\"Password and Re-Enter Password didn't match\").type(\"eq\", \"Password and Re-Enter Password didn't match\");",
              "err": {},
              "uuid": "5e9cb6d2-b5d6-409e-8425-6236126fe904",
              "parentUUID": "4e9fc383-09ef-441e-848a-eedb9e405cdf",
              "isHook": false,
              "skipped": false
            },
            {
              "title": "Test7:-Enter a valid 10-digit mobile number in the input field",
              "fullTitle": "Registration Component Test7:-Enter a valid 10-digit mobile number in the input field",
              "timedOut": null,
              "duration": 668,
              "state": "passed",
              "speed": "fast",
              "pass": true,
              "fail": false,
              "pending": false,
              "context": null,
              "code": "cy.get('a').contains('Get started for free').click();\ncy.get('input[name=\"mobileNo\"]').type(jsonRegister.mobileno);\nexpect(jsonRegister.mobileno).to.match(/^\\d{10}$/);",
              "err": {},
              "uuid": "3ee5965a-74e0-4847-83a9-bf525a851da1",
              "parentUUID": "4e9fc383-09ef-441e-848a-eedb9e405cdf",
              "isHook": false,
              "skipped": false
            },
            {
              "title": "Test8:-display validation only 10-digit mobile number in the input field",
              "fullTitle": "Registration Component Test8:-display validation only 10-digit mobile number in the input field",
              "timedOut": null,
              "duration": 890,
              "state": "passed",
              "speed": "fast",
              "pass": true,
              "fail": false,
              "pending": false,
              "context": null,
              "code": "cy.get('a').contains('Get started for free').click();\ncy.get('input[name=\"mobileNo\"]').type(jsonRegister.imobileno);\ncy.get('[name=\"email\"]').click();\n//expect(jsonRegister.imobileno).to.match(/^\\d{10}$/);\ncy.contains(\"Mobile number is not valid\").type(\"eq\", \"Mobile number is not valid\");",
              "err": {},
              "uuid": "f875b374-cf0b-41dc-bc4f-cfcfcd9923dc",
              "parentUUID": "4e9fc383-09ef-441e-848a-eedb9e405cdf",
              "isHook": false,
              "skipped": false
            },
            {
              "title": "Test9:-should enter valid registration details",
              "fullTitle": "Registration Component Test9:-should enter valid registration details",
              "timedOut": null,
              "duration": 6805,
              "state": "failed",
              "speed": null,
              "pass": false,
              "fail": true,
              "pending": false,
              "context": null,
              "code": "cy.get('a').contains('Get started for free').click();\ncy.get('[name=\"firstName\"]').type(\"TestFenil\");\ncy.get('[name=\"lastName\"]').type(\"TestBardoliwala\");\ncy.get('[name=\"mobileNo\"]').type(jsonRegister.mobileno);\ncy.get('[name=\"email\"]').type(jsonRegister.emailid);\ncy.get('[name=\"password\"]').type(jsonRegister.password);\ncy.get('[name=\"confirmPassword\"]').type(jsonRegister.password);\ncy.get(\"button[type='submit']\").type('Log In').click({ force: true });\nvar expectedMessage = 'Student LoggedIn successFully';\ncy.get('[role=\"status\"]').contains(expectedMessage);\ncy.get(\"button[type='submit']\").type('Sign Up').click({ force: true });",
              "err": {
                "message": "AssertionError: Timed out retrying after 4000ms: Expected to find content: 'Student LoggedIn successFully' within the element: <div.go3958317564> but never did.",
                "estack": "AssertionError: Timed out retrying after 4000ms: Expected to find content: 'Student LoggedIn successFully' within the element: <div.go3958317564> but never did.\n    at Context.eval (webpack://smartlearnstudentpaneltestcases/./cypress/e2e/RegistrationTest.cy.ts:107:30)",
                "diff": null
              },
              "uuid": "ad92afb3-f544-40f0-94c9-7592d46cc181",
              "parentUUID": "4e9fc383-09ef-441e-848a-eedb9e405cdf",
              "isHook": false,
              "skipped": false
            }
          ],
          "suites": [],
          "passes": [
            "2432cdb3-7ccf-44bb-b640-51e489678713",
            "37431264-ab0e-4864-90eb-b3cce66fd763",
            "ff4c902b-5bf8-4640-843c-3d85efd4714b",
            "b6a71f55-2b6e-42b3-9814-7b2644237715",
            "2976b8be-53f2-43b1-b338-2adb52f0c84b",
            "5e9cb6d2-b5d6-409e-8425-6236126fe904",
            "3ee5965a-74e0-4847-83a9-bf525a851da1",
            "f875b374-cf0b-41dc-bc4f-cfcfcd9923dc"
          ],
          "failures": [
            "ad92afb3-f544-40f0-94c9-7592d46cc181"
          ],
          "pending": [],
          "skipped": [],
          "duration": 20602,
          "root": false,
          "rootEmpty": false,
          "_timeout": 2000
        }
      ],
      "passes": [],
      "failures": [],
      "pending": [],
      "skipped": [],
      "duration": 0,
      "root": true,
      "rootEmpty": true,
      "_timeout": 2000
    }
  ],
  "meta": {
    "mocha": {
      "version": "7.0.1"
    },
    "mochawesome": {
      "options": {
        "quiet": false,
        "reportFilename": "mochawesome",
        "saveHtml": true,
        "saveJson": true,
        "consoleReporter": "spec",
        "useInlineDiffs": false,
        "code": true
      },
      "version": "7.1.3"
    },
    "marge": {
      "options": {
        "reportDir": "cypress/results",
        "overwrite": false,
        "html": true,
        "json": true,
        "showPassed": true,
        "showFailed": true,
        "showSkipped": true,
        "saveHtml": true,
        "chart": true,
        "enabledCode": false,
        "screenshotOnRunFailure": true,
        "enableCode": false
      },
      "version": "6.2.0"
    }
  }
}