{
  "stats": {
    "suites": 1,
    "tests": 9,
    "passes": 8,
    "pending": 0,
    "failures": 1,
    "start": "2024-02-08T10:53:48.376Z",
    "end": "2024-02-08T10:54:11.291Z",
    "duration": 22915,
    "testsRegistered": 9,
    "passPercent": 88.88888888888889,
    "pendingPercent": 0,
    "other": 0,
    "hasOther": false,
    "skipped": 0,
    "hasSkipped": false
  },
  "results": [
    {
      "uuid": "67422e71-e1cc-44ea-adcf-c235c8c18049",
      "title": "",
      "fullFile": "cypress/e2e/LoginTest.cy.ts",
      "file": "cypress/e2e/LoginTest.cy.ts",
      "beforeHooks": [],
      "afterHooks": [],
      "tests": [],
      "suites": [
        {
          "uuid": "2967f704-e3b6-4b0a-aa3a-c86edd2355bb",
          "title": "Login Component",
          "fullFile": "",
          "file": "",
          "beforeHooks": [],
          "afterHooks": [],
          "tests": [
            {
              "title": "Test1:-should display error for blank email and password",
              "fullTitle": "Login Component Test1:-should display error for blank email and password",
              "timedOut": null,
              "duration": 5952,
              "state": "passed",
              "speed": "medium",
              "pass": true,
              "fail": false,
              "pending": false,
              "context": null,
              "code": "cy.get('a').contains('Login').click();\ncy.get(\"button[type='submit']\").type('Log In').click({ force: true });\ncy.get('[name=\"email\"]').should('have.value', '');\ncy.contains('Email is required').type(\"eq\", \"Email is required\");\ncy.get('[name=\"password\"]').should('have.value', '');\ncy.contains('Password is required').type(\"eq\", \"Password is required\");",
              "err": {},
              "uuid": "d24c836f-7ae4-4ca8-a031-3e7e8afe14d7",
              "parentUUID": "2967f704-e3b6-4b0a-aa3a-c86edd2355bb",
              "isHook": false,
              "skipped": false
            },
            {
              "title": "Test2:-should display error for blank email",
              "fullTitle": "Login Component Test2:-should display error for blank email",
              "timedOut": null,
              "duration": 2485,
              "state": "passed",
              "speed": "fast",
              "pass": true,
              "fail": false,
              "pending": false,
              "context": null,
              "code": "cy.get('a').contains('Login').click();\ncy.get('[name=\"password\"]').type(jsonObject.password);\ncy.get('[name=\"email\"]').click();\ncy.get('[name=\"password\"]').click();\ncy.contains('Email is required').type(\"eq\", \"Email is required\");",
              "err": {},
              "uuid": "9afd0db4-ac18-4984-80d0-86cfc0311012",
              "parentUUID": "2967f704-e3b6-4b0a-aa3a-c86edd2355bb",
              "isHook": false,
              "skipped": false
            },
            {
              "title": "Test3:-should display error for blank password",
              "fullTitle": "Login Component Test3:-should display error for blank password",
              "timedOut": null,
              "duration": 1258,
              "state": "passed",
              "speed": "fast",
              "pass": true,
              "fail": false,
              "pending": false,
              "context": null,
              "code": "cy.get('a').contains('Login').click();\ncy.get('[name=\"email\"]').type(jsonObject.emailid);\ncy.get('[name=\"password\"]').click();\ncy.get('[name=\"email\"]').click();\ncy.contains('Password is required').type(\"eq\", \"Password is required\");",
              "err": {},
              "uuid": "baa90524-c92d-45c0-8e20-088c7dbf8282",
              "parentUUID": "2967f704-e3b6-4b0a-aa3a-c86edd2355bb",
              "isHook": false,
              "skipped": false
            },
            {
              "title": "Test4:-should validatation display password requirements like a (Password must include at least 8 characters, one special character, one digit, one uppercase and one lowercase letter)",
              "fullTitle": "Login Component Test4:-should validatation display password requirements like a (Password must include at least 8 characters, one special character, one digit, one uppercase and one lowercase letter)",
              "timedOut": null,
              "duration": 949,
              "state": "passed",
              "speed": "fast",
              "pass": true,
              "fail": false,
              "pending": false,
              "context": null,
              "code": "cy.get('a').contains('Login').click();\ncy.get('[name=\"password\"]').type(jsonObject.dpassword);\ncy.get('[name=\"email\"]').click();\ncy.contains('Password must include at least 8 characters, one special character, one digit, one uppercase and one lowercase letter')\n    .type(\"eq\", \"Password must include at least 8 characters, one special character, one digit, one uppercase and one lowercase letter\");\nexpect(jsonObject.dpassword.length).to.be.at.least(8);",
              "err": {},
              "uuid": "95281876-b583-4020-92bd-7b6ac242ae73",
              "parentUUID": "2967f704-e3b6-4b0a-aa3a-c86edd2355bb",
              "isHook": false,
              "skipped": false
            },
            {
              "title": "Test5:-should validate password requirements like a (Password must include at least 8 characters, one special character, one digit, one uppercase and one lowercase letter)",
              "fullTitle": "Login Component Test5:-should validate password requirements like a (Password must include at least 8 characters, one special character, one digit, one uppercase and one lowercase letter)",
              "timedOut": null,
              "duration": 781,
              "state": "passed",
              "speed": "fast",
              "pass": true,
              "fail": false,
              "pending": false,
              "context": null,
              "code": "cy.get('a').contains('Login').click();\ncy.get('[name=\"password\"]').type(jsonObject.password);\ncy.get('[name=\"email\"]').click();\nexpect(jsonObject.password.length).to.be.at.least(8);\nexpect(/[!@#$%^&*()_+\\-=\\[\\]{};':\"\\\\|,.<>\\/?]+/.test(jsonObject.password)).to.be.true;\nexpect(/\\d+/.test(jsonObject.password)).to.be.true;\nexpect(/[A-Z]+/.test(jsonObject.password)).to.be.true;\nexpect(/[a-z]+/.test(jsonObject.password)).to.be.true;",
              "err": {},
              "uuid": "ab889c36-341e-4686-bf48-91adadad3565",
              "parentUUID": "2967f704-e3b6-4b0a-aa3a-c86edd2355bb",
              "isHook": false,
              "skipped": false
            },
            {
              "title": "Test6:-should validate email format",
              "fullTitle": "Login Component Test6:-should validate email format",
              "timedOut": null,
              "duration": 1050,
              "state": "passed",
              "speed": "fast",
              "pass": true,
              "fail": false,
              "pending": false,
              "context": null,
              "code": "cy.get('a').contains('Login').click();\ncy.get('[name=\"email\"]').type(jsonObject.emailid);\ncy.get('[name=\"password\"]').click();\n// Check if email format is valid using a regular expression\nexpect(/\\b[A-Za-z0-9._%+-]+@[A-Za-z0-9.-]+\\.[A-Z|a-z]{2,}\\b/.test(jsonObject.emailid)).to.be.true;",
              "err": {},
              "uuid": "4e8661b1-0a7f-4dff-bf3f-dd6fb42e6146",
              "parentUUID": "2967f704-e3b6-4b0a-aa3a-c86edd2355bb",
              "isHook": false,
              "skipped": false
            },
            {
              "title": "Test7:-should validation display when enter invalid email format",
              "fullTitle": "Login Component Test7:-should validation display when enter invalid email format",
              "timedOut": null,
              "duration": 1176,
              "state": "passed",
              "speed": "fast",
              "pass": true,
              "fail": false,
              "pending": false,
              "context": null,
              "code": "cy.get('a').contains('Login').click();\ncy.get('[name=\"email\"]').type(jsonObject.demailid);\ncy.get('[name=\"password\"]').click();\ncy.contains('Please enter a valid email address').type(\"eq\", \"Please enter a valid email address\");\n// Check if email format is valid using a regular expression\n//expect(/\\b[A-Za-z0-9._%+-]+@[A-Za-z0-9.-]+\\.[A-Z|a-z]{2,}\\b/.test(emailid)).to.be.true;",
              "err": {},
              "uuid": "653063cd-554c-4259-8a22-f7dd45f4abe5",
              "parentUUID": "2967f704-e3b6-4b0a-aa3a-c86edd2355bb",
              "isHook": false,
              "skipped": false
            },
            {
              "title": "Test8:-should enter invalid login credentials",
              "fullTitle": "Login Component Test8:-should enter invalid login credentials",
              "timedOut": null,
              "duration": 1615,
              "state": "passed",
              "speed": "fast",
              "pass": true,
              "fail": false,
              "pending": false,
              "context": null,
              "code": "cy.get('a').contains('Login').click();\ncy.get('[name=\"email\"]').type(jsonObject.emailid);\ncy.get('[name=\"password\"]').type(jsonObject.ipassword);\ncy.get(\"button[type='submit']\").type('Please wait...').click({ force: true });\nvar expectedMessage = 'Email or password not matched';\ncy.get('[role=\"status\"]').contains(expectedMessage);",
              "err": {},
              "uuid": "c097e32e-955c-48d0-9712-20234fedd92f",
              "parentUUID": "2967f704-e3b6-4b0a-aa3a-c86edd2355bb",
              "isHook": false,
              "skipped": false
            },
            {
              "title": "Test9:-should enter valid login credentials",
              "fullTitle": "Login Component Test9:-should enter valid login credentials",
              "timedOut": null,
              "duration": 5647,
              "state": "failed",
              "speed": null,
              "pass": false,
              "fail": true,
              "pending": false,
              "context": null,
              "code": "cy.get('a').contains('Login').click();\ncy.get('[name=\"email\"]').type(jsonObject.emailid);\ncy.get('[name=\"password\"]').type(jsonObject.password);\ncy.get(\"button[type='submit']\").type('Log In').click({ force: true });\nvar expectedMessage = 'Student LoggedIn successFully';\ncy.get('[role=\"status\"]').contains(expectedMessage);",
              "err": {
                "message": "AssertionError: Timed out retrying after 4000ms: Expected to find content: 'Student LoggedIn successFully' within the element: <div.go3958317564> but never did.",
                "estack": "AssertionError: Timed out retrying after 4000ms: Expected to find content: 'Student LoggedIn successFully' within the element: <div.go3958317564> but never did.\n    at Context.eval (webpack://smartlearnstudentpaneltestcases/./cypress/e2e/LoginTest.cy.ts:92:30)",
                "diff": null
              },
              "uuid": "8e823799-c817-42ec-8d03-f7205beb870e",
              "parentUUID": "2967f704-e3b6-4b0a-aa3a-c86edd2355bb",
              "isHook": false,
              "skipped": false
            }
          ],
          "suites": [],
          "passes": [
            "d24c836f-7ae4-4ca8-a031-3e7e8afe14d7",
            "9afd0db4-ac18-4984-80d0-86cfc0311012",
            "baa90524-c92d-45c0-8e20-088c7dbf8282",
            "95281876-b583-4020-92bd-7b6ac242ae73",
            "ab889c36-341e-4686-bf48-91adadad3565",
            "4e8661b1-0a7f-4dff-bf3f-dd6fb42e6146",
            "653063cd-554c-4259-8a22-f7dd45f4abe5",
            "c097e32e-955c-48d0-9712-20234fedd92f"
          ],
          "failures": [
            "8e823799-c817-42ec-8d03-f7205beb870e"
          ],
          "pending": [],
          "skipped": [],
          "duration": 20913,
          "root": false,
          "rootEmpty": false,
          "_timeout": 2000
        }
      ],
      "passes": [],
      "failures": [],
      "pending": [],
      "skipped": [],
      "duration": 0,
      "root": true,
      "rootEmpty": true,
      "_timeout": 2000
    }
  ],
  "meta": {
    "mocha": {
      "version": "7.0.1"
    },
    "mochawesome": {
      "options": {
        "quiet": false,
        "reportFilename": "mochawesome",
        "saveHtml": true,
        "saveJson": true,
        "consoleReporter": "spec",
        "useInlineDiffs": false,
        "code": true
      },
      "version": "7.1.3"
    },
    "marge": {
      "options": {
        "reportDir": "cypress/results",
        "overwrite": false,
        "html": true,
        "json": true,
        "showPassed": true,
        "showFailed": true,
        "showSkipped": true,
        "saveHtml": true,
        "chart": true,
        "enabledCode": false,
        "screenshotOnRunFailure": true,
        "enableCode": false
      },
      "version": "6.2.0"
    }
  }
}