{
  "stats": {
    "suites": 3,
    "tests": 27,
    "passes": 17,
    "pending": 0,
    "failures": 10,
    "testsRegistered": 27,
    "passPercent": 62.96296296296296,
    "pendingPercent": 0,
    "other": 0,
    "hasOther": false,
    "skipped": 0,
    "hasSkipped": false,
    "start": "2024-02-08T10:53:48.376Z",
    "end": "2024-02-08T10:54:50.611Z",
    "duration": 62235
  },
  "results": [
    {
      "uuid": "e3fc1c49-41d7-4640-8b07-5a594ef5569d",
      "title": "",
      "fullFile": "cypress/e2e/RegistrationTest.cy.ts",
      "file": "cypress/e2e/RegistrationTest.cy.ts",
      "beforeHooks": [],
      "afterHooks": [],
      "tests": [],
      "suites": [
        {
          "uuid": "4e9fc383-09ef-441e-848a-eedb9e405cdf",
          "title": "Registration Component",
          "fullFile": "",
          "file": "",
          "beforeHooks": [],
          "afterHooks": [],
          "tests": [
            {
              "title": "Test1:-should display error for blank email and password",
              "fullTitle": "Registration Component Test1:-should display error for blank email and password",
              "timedOut": null,
              "duration": 6522,
              "state": "passed",
              "speed": "medium",
              "pass": true,
              "fail": false,
              "pending": false,
              "context": null,
              "code": "cy.get('a').contains('Get started for free').click();\ncy.get(\"button[type='submit']\").type('Log In').click({ force: true });\ncy.get('[name=\"firstName\"]').should('have.value', '');\ncy.contains('First name is required').type(\"eq\", \"First name is required\");\ncy.get('[name=\"lastName\"]').should('have.value', '');\ncy.contains('Last name is required').type(\"eq\", \"Last name is required\");\ncy.get('[name=\"mobileNo\"]').should('have.value', '');\ncy.contains('Mobile number is required').type(\"eq\", \"Mobile number is required\");\ncy.get('[name=\"email\"]').should('have.value', '');\ncy.contains('Email is required').type(\"eq\", \"Email is required\");\ncy.get('[name=\"password\"]').should('have.value', '');\ncy.contains('Password is required').type(\"eq\", \"Password is required\");\ncy.get('[name=\"confirmPassword\"]').should('have.value', '');\ncy.contains('Password confirmation is required').type(\"eq\", \"Password confirmation is required\");",
              "err": {},
              "uuid": "2432cdb3-7ccf-44bb-b640-51e489678713",
              "parentUUID": "4e9fc383-09ef-441e-848a-eedb9e405cdf",
              "isHook": false,
              "skipped": false
            },
            {
              "title": "Test2:-should validate email format",
              "fullTitle": "Registration Component Test2:-should validate email format",
              "timedOut": null,
              "duration": 1661,
              "state": "passed",
              "speed": "fast",
              "pass": true,
              "fail": false,
              "pending": false,
              "context": null,
              "code": "cy.get('a').contains('Get started for free').click();\ncy.get('[name=\"email\"]').type(jsonRegister.emailid);\ncy.get('[name=\"password\"]').click();\n// Check if email format is valid using a regular expression\nexpect(/\\b[A-Za-z0-9._%+-]+@[A-Za-z0-9.-]+\\.[A-Z|a-z]{2,}\\b/.test(jsonRegister.emailid)).to.be.true;",
              "err": {},
              "uuid": "37431264-ab0e-4864-90eb-b3cce66fd763",
              "parentUUID": "4e9fc383-09ef-441e-848a-eedb9e405cdf",
              "isHook": false,
              "skipped": false
            },
            {
              "title": "Test3:-should validation display when enter invalid email format",
              "fullTitle": "Registration Component Test3:-should validation display when enter invalid email format",
              "timedOut": null,
              "duration": 1151,
              "state": "passed",
              "speed": "fast",
              "pass": true,
              "fail": false,
              "pending": false,
              "context": null,
              "code": "cy.get('a').contains('Get started for free').click();\ncy.get('[name=\"email\"]').type(jsonRegister.demailid);\ncy.get('[name=\"password\"]').click();\ncy.contains('Wrong email format').type(\"eq\", \"Wrong email format\");\n// Check if email format is valid using a regular expression\n//expect(/\\b[A-Za-z0-9._%+-]+@[A-Za-z0-9.-]+\\.[A-Z|a-z]{2,}\\b/.test(emailid)).to.be.true;",
              "err": {},
              "uuid": "ff4c902b-5bf8-4640-843c-3d85efd4714b",
              "parentUUID": "4e9fc383-09ef-441e-848a-eedb9e405cdf",
              "isHook": false,
              "skipped": false
            },
            {
              "title": "Test4:-should validatation display password requirements like a (Password must include at least 8 characters, one special character, one digit, one uppercase and one lowercase letter)",
              "fullTitle": "Registration Component Test4:-should validatation display password requirements like a (Password must include at least 8 characters, one special character, one digit, one uppercase and one lowercase letter)",
              "timedOut": null,
              "duration": 957,
              "state": "passed",
              "speed": "fast",
              "pass": true,
              "fail": false,
              "pending": false,
              "context": null,
              "code": "cy.get('a').contains('Get started for free').click();\ncy.get('[name=\"password\"]').type(jsonRegister.dpassword);\ncy.get('[name=\"email\"]').click();\ncy.contains('Password must include at least 8 characters, one special character, one digit, one uppercase and one lowercase letter')\n    .type(\"eq\", \"Password must include at least 8 characters, one special character, one digit, one uppercase and one lowercase letter\");\nexpect(jsonRegister.dpassword.length).to.be.at.least(8);",
              "err": {},
              "uuid": "b6a71f55-2b6e-42b3-9814-7b2644237715",
              "parentUUID": "4e9fc383-09ef-441e-848a-eedb9e405cdf",
              "isHook": false,
              "skipped": false
            },
            {
              "title": "Test5:-should validate password requirements like a (Password must include at least 8 characters, one special character, one digit, one uppercase and one lowercase letter)",
              "fullTitle": "Registration Component Test5:-should validate password requirements like a (Password must include at least 8 characters, one special character, one digit, one uppercase and one lowercase letter)",
              "timedOut": null,
              "duration": 795,
              "state": "passed",
              "speed": "fast",
              "pass": true,
              "fail": false,
              "pending": false,
              "context": null,
              "code": "cy.get('a').contains('Get started for free').click();\ncy.get('[name=\"password\"]').type(jsonRegister.password);\ncy.get('[name=\"email\"]').click();\nexpect(jsonRegister.password.length).to.be.at.least(8);\nexpect(/[!@#$%^&*()_+\\-=\\[\\]{};':\"\\\\|,.<>\\/?]+/.test(jsonRegister.password)).to.be.true;\nexpect(/\\d+/.test(jsonRegister.password)).to.be.true;\nexpect(/[A-Z]+/.test(jsonRegister.password)).to.be.true;\nexpect(/[a-z]+/.test(jsonRegister.password)).to.be.true;",
              "err": {},
              "uuid": "2976b8be-53f2-43b1-b338-2adb52f0c84b",
              "parentUUID": "4e9fc383-09ef-441e-848a-eedb9e405cdf",
              "isHook": false,
              "skipped": false
            },
            {
              "title": "Test6:-should displays validation message when passwords and re-enter password do not match",
              "fullTitle": "Registration Component Test6:-should displays validation message when passwords and re-enter password do not match",
              "timedOut": null,
              "duration": 1153,
              "state": "passed",
              "speed": "fast",
              "pass": true,
              "fail": false,
              "pending": false,
              "context": null,
              "code": "cy.get('a').contains('Get started for free').click();\ncy.get('[name=\"password\"]').type(jsonRegister.password);\ncy.get('[name=\"confirmPassword\"]').type(jsonRegister.ipassword);\ncy.get('[name=\"email\"]').click();\ncy.contains(\"Password and Re-Enter Password didn't match\").type(\"eq\", \"Password and Re-Enter Password didn't match\");",
              "err": {},
              "uuid": "5e9cb6d2-b5d6-409e-8425-6236126fe904",
              "parentUUID": "4e9fc383-09ef-441e-848a-eedb9e405cdf",
              "isHook": false,
              "skipped": false
            },
            {
              "title": "Test7:-Enter a valid 10-digit mobile number in the input field",
              "fullTitle": "Registration Component Test7:-Enter a valid 10-digit mobile number in the input field",
              "timedOut": null,
              "duration": 668,
              "state": "passed",
              "speed": "fast",
              "pass": true,
              "fail": false,
              "pending": false,
              "context": null,
              "code": "cy.get('a').contains('Get started for free').click();\ncy.get('input[name=\"mobileNo\"]').type(jsonRegister.mobileno);\nexpect(jsonRegister.mobileno).to.match(/^\\d{10}$/);",
              "err": {},
              "uuid": "3ee5965a-74e0-4847-83a9-bf525a851da1",
              "parentUUID": "4e9fc383-09ef-441e-848a-eedb9e405cdf",
              "isHook": false,
              "skipped": false
            },
            {
              "title": "Test8:-display validation only 10-digit mobile number in the input field",
              "fullTitle": "Registration Component Test8:-display validation only 10-digit mobile number in the input field",
              "timedOut": null,
              "duration": 890,
              "state": "passed",
              "speed": "fast",
              "pass": true,
              "fail": false,
              "pending": false,
              "context": null,
              "code": "cy.get('a').contains('Get started for free').click();\ncy.get('input[name=\"mobileNo\"]').type(jsonRegister.imobileno);\ncy.get('[name=\"email\"]').click();\n//expect(jsonRegister.imobileno).to.match(/^\\d{10}$/);\ncy.contains(\"Mobile number is not valid\").type(\"eq\", \"Mobile number is not valid\");",
              "err": {},
              "uuid": "f875b374-cf0b-41dc-bc4f-cfcfcd9923dc",
              "parentUUID": "4e9fc383-09ef-441e-848a-eedb9e405cdf",
              "isHook": false,
              "skipped": false
            },
            {
              "title": "Test9:-should enter valid registration details",
              "fullTitle": "Registration Component Test9:-should enter valid registration details",
              "timedOut": null,
              "duration": 6805,
              "state": "failed",
              "speed": null,
              "pass": false,
              "fail": true,
              "pending": false,
              "context": null,
              "code": "cy.get('a').contains('Get started for free').click();\ncy.get('[name=\"firstName\"]').type(\"TestFenil\");\ncy.get('[name=\"lastName\"]').type(\"TestBardoliwala\");\ncy.get('[name=\"mobileNo\"]').type(jsonRegister.mobileno);\ncy.get('[name=\"email\"]').type(jsonRegister.emailid);\ncy.get('[name=\"password\"]').type(jsonRegister.password);\ncy.get('[name=\"confirmPassword\"]').type(jsonRegister.password);\ncy.get(\"button[type='submit']\").type('Log In').click({ force: true });\nvar expectedMessage = 'Student LoggedIn successFully';\ncy.get('[role=\"status\"]').contains(expectedMessage);\ncy.get(\"button[type='submit']\").type('Sign Up').click({ force: true });",
              "err": {
                "message": "AssertionError: Timed out retrying after 4000ms: Expected to find content: 'Student LoggedIn successFully' within the element: <div.go3958317564> but never did.",
                "estack": "AssertionError: Timed out retrying after 4000ms: Expected to find content: 'Student LoggedIn successFully' within the element: <div.go3958317564> but never did.\n    at Context.eval (webpack://smartlearnstudentpaneltestcases/./cypress/e2e/RegistrationTest.cy.ts:107:30)",
                "diff": null
              },
              "uuid": "ad92afb3-f544-40f0-94c9-7592d46cc181",
              "parentUUID": "4e9fc383-09ef-441e-848a-eedb9e405cdf",
              "isHook": false,
              "skipped": false
            }
          ],
          "suites": [],
          "passes": [
            "2432cdb3-7ccf-44bb-b640-51e489678713",
            "37431264-ab0e-4864-90eb-b3cce66fd763",
            "ff4c902b-5bf8-4640-843c-3d85efd4714b",
            "b6a71f55-2b6e-42b3-9814-7b2644237715",
            "2976b8be-53f2-43b1-b338-2adb52f0c84b",
            "5e9cb6d2-b5d6-409e-8425-6236126fe904",
            "3ee5965a-74e0-4847-83a9-bf525a851da1",
            "f875b374-cf0b-41dc-bc4f-cfcfcd9923dc"
          ],
          "failures": [
            "ad92afb3-f544-40f0-94c9-7592d46cc181"
          ],
          "pending": [],
          "skipped": [],
          "duration": 20602,
          "root": false,
          "rootEmpty": false,
          "_timeout": 2000
        }
      ],
      "passes": [],
      "failures": [],
      "pending": [],
      "skipped": [],
      "duration": 0,
      "root": true,
      "rootEmpty": true,
      "_timeout": 2000
    },
    {
      "uuid": "519d9d38-ae27-4ad6-857f-6948cb15dcb6",
      "title": "",
      "fullFile": "cypress/e2e/StudentProfileTest.cy.ts",
      "file": "cypress/e2e/StudentProfileTest.cy.ts",
      "beforeHooks": [],
      "afterHooks": [],
      "tests": [],
      "suites": [
        {
          "uuid": "734c59c0-a83f-4d79-a939-781ed4cef66d",
          "title": "Login Component",
          "fullFile": "",
          "file": "",
          "beforeHooks": [],
          "afterHooks": [],
          "tests": [
            {
              "title": "Test1:-should display error for blank email and password",
              "fullTitle": "Login Component Test1:-should display error for blank email and password",
              "timedOut": null,
              "duration": 5743,
              "state": "passed",
              "speed": "medium",
              "pass": true,
              "fail": false,
              "pending": false,
              "context": null,
              "code": "cy.get('a').contains('Login').click();\ncy.get(\"button[type='submit']\").type('Log In').click({ force: true });\ncy.get('[name=\"email\"]').should('have.value', '');\ncy.contains('Email is required').type(\"eq\", \"Email is required\");\ncy.get('[name=\"password\"]').should('have.value', '');\ncy.contains('Password is required').type(\"eq\", \"Password is required\");",
              "err": {},
              "uuid": "d9258175-1659-44c2-9c54-d268143119e5",
              "parentUUID": "734c59c0-a83f-4d79-a939-781ed4cef66d",
              "isHook": false,
              "skipped": false
            },
            {
              "title": "Test2:-should display error for blank email",
              "fullTitle": "Login Component Test2:-should display error for blank email",
              "timedOut": null,
              "duration": 852,
              "state": "failed",
              "speed": null,
              "pass": false,
              "fail": true,
              "pending": false,
              "context": null,
              "code": "cy.get('a').contains('Login').click();\ncy.get('[name=\"password\"]').type(jsonObject.password);\ncy.get('[name=\"email\"]').click();\ncy.get('[name=\"password\"]').click();\ncy.contains('Email is required').type(\"eq\", \"Email is required\");",
              "err": {
                "message": "ReferenceError: jsonObject is not defined",
                "estack": "ReferenceError: jsonObject is not defined\n    at Context.eval (webpack://smartlearnstudentpaneltestcases/./cypress/e2e/StudentProfileTest.cy.ts:18:37)",
                "diff": null
              },
              "uuid": "598d7253-c80f-4767-a7c0-29314ef4714c",
              "parentUUID": "734c59c0-a83f-4d79-a939-781ed4cef66d",
              "isHook": false,
              "skipped": false
            },
            {
              "title": "Test3:-should display error for blank password",
              "fullTitle": "Login Component Test3:-should display error for blank password",
              "timedOut": null,
              "duration": 765,
              "state": "failed",
              "speed": null,
              "pass": false,
              "fail": true,
              "pending": false,
              "context": null,
              "code": "cy.get('a').contains('Login').click();\ncy.get('[name=\"email\"]').type(jsonObject.emailid);\ncy.get('[name=\"password\"]').click();\ncy.get('[name=\"email\"]').click();\ncy.contains('Password is required').type(\"eq\", \"Password is required\");",
              "err": {
                "message": "ReferenceError: jsonObject is not defined",
                "estack": "ReferenceError: jsonObject is not defined\n    at Context.eval (webpack://smartlearnstudentpaneltestcases/./cypress/e2e/StudentProfileTest.cy.ts:26:34)",
                "diff": null
              },
              "uuid": "d43bba88-d59a-4226-99ef-69b957751832",
              "parentUUID": "734c59c0-a83f-4d79-a939-781ed4cef66d",
              "isHook": false,
              "skipped": false
            },
            {
              "title": "Test4:-should validatation display password requirements like a (Password must include at least 8 characters, one special character, one digit, one uppercase and one lowercase letter)",
              "fullTitle": "Login Component Test4:-should validatation display password requirements like a (Password must include at least 8 characters, one special character, one digit, one uppercase and one lowercase letter)",
              "timedOut": null,
              "duration": 798,
              "state": "failed",
              "speed": null,
              "pass": false,
              "fail": true,
              "pending": false,
              "context": null,
              "code": "cy.get('a').contains('Login').click();\ncy.get('[name=\"password\"]').type(jsonObject.dpassword);\ncy.get('[name=\"email\"]').click();\ncy.contains('Password must include at least 8 characters, one special character, one digit, one uppercase and one lowercase letter')\n    .type(\"eq\", \"Password must include at least 8 characters, one special character, one digit, one uppercase and one lowercase letter\");\nexpect(jsonObject.dpassword.length).to.be.at.least(8);",
              "err": {
                "message": "ReferenceError: jsonObject is not defined",
                "estack": "ReferenceError: jsonObject is not defined\n    at Context.eval (webpack://smartlearnstudentpaneltestcases/./cypress/e2e/StudentProfileTest.cy.ts:34:37)",
                "diff": null
              },
              "uuid": "ab35ec3c-d4e8-47e4-8e8d-40780ad995ac",
              "parentUUID": "734c59c0-a83f-4d79-a939-781ed4cef66d",
              "isHook": false,
              "skipped": false
            },
            {
              "title": "Test5:-should validate password requirements like a (Password must include at least 8 characters, one special character, one digit, one uppercase and one lowercase letter)",
              "fullTitle": "Login Component Test5:-should validate password requirements like a (Password must include at least 8 characters, one special character, one digit, one uppercase and one lowercase letter)",
              "timedOut": null,
              "duration": 2119,
              "state": "failed",
              "speed": null,
              "pass": false,
              "fail": true,
              "pending": false,
              "context": null,
              "code": "cy.get('a').contains('Login').click();\ncy.get('[name=\"password\"]').type(jsonObject.password);\ncy.get('[name=\"email\"]').click();\nexpect(jsonObject.password.length).to.be.at.least(8);\nexpect(/[!@#$%^&*()_+\\-=\\[\\]{};':\"\\\\|,.<>\\/?]+/.test(jsonObject.password)).to.be.true;\nexpect(/\\d+/.test(jsonObject.password)).to.be.true;\nexpect(/[A-Z]+/.test(jsonObject.password)).to.be.true;\nexpect(/[a-z]+/.test(jsonObject.password)).to.be.true;",
              "err": {
                "message": "ReferenceError: jsonObject is not defined",
                "estack": "ReferenceError: jsonObject is not defined\n    at Context.eval (webpack://smartlearnstudentpaneltestcases/./cypress/e2e/StudentProfileTest.cy.ts:45:37)",
                "diff": null
              },
              "uuid": "dd2cbf09-201d-4bcc-a9b5-1bc8c079910e",
              "parentUUID": "734c59c0-a83f-4d79-a939-781ed4cef66d",
              "isHook": false,
              "skipped": false
            },
            {
              "title": "Test6:-should validate email format",
              "fullTitle": "Login Component Test6:-should validate email format",
              "timedOut": null,
              "duration": 796,
              "state": "failed",
              "speed": null,
              "pass": false,
              "fail": true,
              "pending": false,
              "context": null,
              "code": "cy.get('a').contains('Login').click();\ncy.get('[name=\"email\"]').type(jsonObject.emailid);\ncy.get('[name=\"password\"]').click();\n// Check if email format is valid using a regular expression\nexpect(/\\b[A-Za-z0-9._%+-]+@[A-Za-z0-9.-]+\\.[A-Z|a-z]{2,}\\b/.test(jsonObject.emailid)).to.be.true;",
              "err": {
                "message": "ReferenceError: jsonObject is not defined",
                "estack": "ReferenceError: jsonObject is not defined\n    at Context.eval (webpack://smartlearnstudentpaneltestcases/./cypress/e2e/StudentProfileTest.cy.ts:61:34)",
                "diff": null
              },
              "uuid": "10280c7d-231a-47fd-a5ec-3d2eaf1c00a8",
              "parentUUID": "734c59c0-a83f-4d79-a939-781ed4cef66d",
              "isHook": false,
              "skipped": false
            },
            {
              "title": "Test7:-should validation display when enter invalid email format",
              "fullTitle": "Login Component Test7:-should validation display when enter invalid email format",
              "timedOut": null,
              "duration": 833,
              "state": "failed",
              "speed": null,
              "pass": false,
              "fail": true,
              "pending": false,
              "context": null,
              "code": "cy.get('a').contains('Login').click();\ncy.get('[name=\"email\"]').type(jsonObject.demailid);\ncy.get('[name=\"password\"]').click();\ncy.contains('Please enter a valid email address').type(\"eq\", \"Please enter a valid email address\");\n// Check if email format is valid using a regular expression\n//expect(/\\b[A-Za-z0-9._%+-]+@[A-Za-z0-9.-]+\\.[A-Z|a-z]{2,}\\b/.test(emailid)).to.be.true;",
              "err": {
                "message": "ReferenceError: jsonObject is not defined",
                "estack": "ReferenceError: jsonObject is not defined\n    at Context.eval (webpack://smartlearnstudentpaneltestcases/./cypress/e2e/StudentProfileTest.cy.ts:70:34)",
                "diff": null
              },
              "uuid": "a2962679-5379-4994-aecc-672fa290ee3f",
              "parentUUID": "734c59c0-a83f-4d79-a939-781ed4cef66d",
              "isHook": false,
              "skipped": false
            },
            {
              "title": "Test8:-should enter invalid login credentials",
              "fullTitle": "Login Component Test8:-should enter invalid login credentials",
              "timedOut": null,
              "duration": 805,
              "state": "failed",
              "speed": null,
              "pass": false,
              "fail": true,
              "pending": false,
              "context": null,
              "code": "cy.get('a').contains('Login').click();\ncy.get('[name=\"email\"]').type(jsonObject.emailid);\ncy.get('[name=\"password\"]').type(jsonObject.ipassword);\ncy.get(\"button[type='submit']\").type('Please wait...').click({ force: true });\nvar expectedMessage = 'Email or password not matched';\ncy.get('[role=\"status\"]').contains(expectedMessage);",
              "err": {
                "message": "ReferenceError: jsonObject is not defined",
                "estack": "ReferenceError: jsonObject is not defined\n    at Context.eval (webpack://smartlearnstudentpaneltestcases/./cypress/e2e/StudentProfileTest.cy.ts:79:34)",
                "diff": null
              },
              "uuid": "d6cecc8a-0bc1-4b3e-9e1e-98f01a3322dc",
              "parentUUID": "734c59c0-a83f-4d79-a939-781ed4cef66d",
              "isHook": false,
              "skipped": false
            },
            {
              "title": "Test9:-should enter valid login credentials",
              "fullTitle": "Login Component Test9:-should enter valid login credentials",
              "timedOut": null,
              "duration": 831,
              "state": "failed",
              "speed": null,
              "pass": false,
              "fail": true,
              "pending": false,
              "context": null,
              "code": "cy.get('a').contains('Login').click();\ncy.get('[name=\"email\"]').type(jsonObject.emailid);\ncy.get('[name=\"password\"]').type(jsonObject.password);\ncy.get(\"button[type='submit']\").type('Log In').click({ force: true });\nvar expectedMessage = 'Student LoggedIn successFully';\ncy.get('[role=\"status\"]').contains(expectedMessage);",
              "err": {
                "message": "ReferenceError: jsonObject is not defined",
                "estack": "ReferenceError: jsonObject is not defined\n    at Context.eval (webpack://smartlearnstudentpaneltestcases/./cypress/e2e/StudentProfileTest.cy.ts:88:34)",
                "diff": null
              },
              "uuid": "443ad8b0-4da8-46b5-a6f6-c311a93dbe60",
              "parentUUID": "734c59c0-a83f-4d79-a939-781ed4cef66d",
              "isHook": false,
              "skipped": false
            }
          ],
          "suites": [],
          "passes": [
            "d9258175-1659-44c2-9c54-d268143119e5"
          ],
          "failures": [
            "598d7253-c80f-4767-a7c0-29314ef4714c",
            "d43bba88-d59a-4226-99ef-69b957751832",
            "ab35ec3c-d4e8-47e4-8e8d-40780ad995ac",
            "dd2cbf09-201d-4bcc-a9b5-1bc8c079910e",
            "10280c7d-231a-47fd-a5ec-3d2eaf1c00a8",
            "a2962679-5379-4994-aecc-672fa290ee3f",
            "d6cecc8a-0bc1-4b3e-9e1e-98f01a3322dc",
            "443ad8b0-4da8-46b5-a6f6-c311a93dbe60"
          ],
          "pending": [],
          "skipped": [],
          "duration": 13542,
          "root": false,
          "rootEmpty": false,
          "_timeout": 2000
        }
      ],
      "passes": [],
      "failures": [],
      "pending": [],
      "skipped": [],
      "duration": 0,
      "root": true,
      "rootEmpty": true,
      "_timeout": 2000
    },
    {
      "uuid": "67422e71-e1cc-44ea-adcf-c235c8c18049",
      "title": "",
      "fullFile": "cypress/e2e/LoginTest.cy.ts",
      "file": "cypress/e2e/LoginTest.cy.ts",
      "beforeHooks": [],
      "afterHooks": [],
      "tests": [],
      "suites": [
        {
          "uuid": "2967f704-e3b6-4b0a-aa3a-c86edd2355bb",
          "title": "Login Component",
          "fullFile": "",
          "file": "",
          "beforeHooks": [],
          "afterHooks": [],
          "tests": [
            {
              "title": "Test1:-should display error for blank email and password",
              "fullTitle": "Login Component Test1:-should display error for blank email and password",
              "timedOut": null,
              "duration": 5952,
              "state": "passed",
              "speed": "medium",
              "pass": true,
              "fail": false,
              "pending": false,
              "context": null,
              "code": "cy.get('a').contains('Login').click();\ncy.get(\"button[type='submit']\").type('Log In').click({ force: true });\ncy.get('[name=\"email\"]').should('have.value', '');\ncy.contains('Email is required').type(\"eq\", \"Email is required\");\ncy.get('[name=\"password\"]').should('have.value', '');\ncy.contains('Password is required').type(\"eq\", \"Password is required\");",
              "err": {},
              "uuid": "d24c836f-7ae4-4ca8-a031-3e7e8afe14d7",
              "parentUUID": "2967f704-e3b6-4b0a-aa3a-c86edd2355bb",
              "isHook": false,
              "skipped": false
            },
            {
              "title": "Test2:-should display error for blank email",
              "fullTitle": "Login Component Test2:-should display error for blank email",
              "timedOut": null,
              "duration": 2485,
              "state": "passed",
              "speed": "fast",
              "pass": true,
              "fail": false,
              "pending": false,
              "context": null,
              "code": "cy.get('a').contains('Login').click();\ncy.get('[name=\"password\"]').type(jsonObject.password);\ncy.get('[name=\"email\"]').click();\ncy.get('[name=\"password\"]').click();\ncy.contains('Email is required').type(\"eq\", \"Email is required\");",
              "err": {},
              "uuid": "9afd0db4-ac18-4984-80d0-86cfc0311012",
              "parentUUID": "2967f704-e3b6-4b0a-aa3a-c86edd2355bb",
              "isHook": false,
              "skipped": false
            },
            {
              "title": "Test3:-should display error for blank password",
              "fullTitle": "Login Component Test3:-should display error for blank password",
              "timedOut": null,
              "duration": 1258,
              "state": "passed",
              "speed": "fast",
              "pass": true,
              "fail": false,
              "pending": false,
              "context": null,
              "code": "cy.get('a').contains('Login').click();\ncy.get('[name=\"email\"]').type(jsonObject.emailid);\ncy.get('[name=\"password\"]').click();\ncy.get('[name=\"email\"]').click();\ncy.contains('Password is required').type(\"eq\", \"Password is required\");",
              "err": {},
              "uuid": "baa90524-c92d-45c0-8e20-088c7dbf8282",
              "parentUUID": "2967f704-e3b6-4b0a-aa3a-c86edd2355bb",
              "isHook": false,
              "skipped": false
            },
            {
              "title": "Test4:-should validatation display password requirements like a (Password must include at least 8 characters, one special character, one digit, one uppercase and one lowercase letter)",
              "fullTitle": "Login Component Test4:-should validatation display password requirements like a (Password must include at least 8 characters, one special character, one digit, one uppercase and one lowercase letter)",
              "timedOut": null,
              "duration": 949,
              "state": "passed",
              "speed": "fast",
              "pass": true,
              "fail": false,
              "pending": false,
              "context": null,
              "code": "cy.get('a').contains('Login').click();\ncy.get('[name=\"password\"]').type(jsonObject.dpassword);\ncy.get('[name=\"email\"]').click();\ncy.contains('Password must include at least 8 characters, one special character, one digit, one uppercase and one lowercase letter')\n    .type(\"eq\", \"Password must include at least 8 characters, one special character, one digit, one uppercase and one lowercase letter\");\nexpect(jsonObject.dpassword.length).to.be.at.least(8);",
              "err": {},
              "uuid": "95281876-b583-4020-92bd-7b6ac242ae73",
              "parentUUID": "2967f704-e3b6-4b0a-aa3a-c86edd2355bb",
              "isHook": false,
              "skipped": false
            },
            {
              "title": "Test5:-should validate password requirements like a (Password must include at least 8 characters, one special character, one digit, one uppercase and one lowercase letter)",
              "fullTitle": "Login Component Test5:-should validate password requirements like a (Password must include at least 8 characters, one special character, one digit, one uppercase and one lowercase letter)",
              "timedOut": null,
              "duration": 781,
              "state": "passed",
              "speed": "fast",
              "pass": true,
              "fail": false,
              "pending": false,
              "context": null,
              "code": "cy.get('a').contains('Login').click();\ncy.get('[name=\"password\"]').type(jsonObject.password);\ncy.get('[name=\"email\"]').click();\nexpect(jsonObject.password.length).to.be.at.least(8);\nexpect(/[!@#$%^&*()_+\\-=\\[\\]{};':\"\\\\|,.<>\\/?]+/.test(jsonObject.password)).to.be.true;\nexpect(/\\d+/.test(jsonObject.password)).to.be.true;\nexpect(/[A-Z]+/.test(jsonObject.password)).to.be.true;\nexpect(/[a-z]+/.test(jsonObject.password)).to.be.true;",
              "err": {},
              "uuid": "ab889c36-341e-4686-bf48-91adadad3565",
              "parentUUID": "2967f704-e3b6-4b0a-aa3a-c86edd2355bb",
              "isHook": false,
              "skipped": false
            },
            {
              "title": "Test6:-should validate email format",
              "fullTitle": "Login Component Test6:-should validate email format",
              "timedOut": null,
              "duration": 1050,
              "state": "passed",
              "speed": "fast",
              "pass": true,
              "fail": false,
              "pending": false,
              "context": null,
              "code": "cy.get('a').contains('Login').click();\ncy.get('[name=\"email\"]').type(jsonObject.emailid);\ncy.get('[name=\"password\"]').click();\n// Check if email format is valid using a regular expression\nexpect(/\\b[A-Za-z0-9._%+-]+@[A-Za-z0-9.-]+\\.[A-Z|a-z]{2,}\\b/.test(jsonObject.emailid)).to.be.true;",
              "err": {},
              "uuid": "4e8661b1-0a7f-4dff-bf3f-dd6fb42e6146",
              "parentUUID": "2967f704-e3b6-4b0a-aa3a-c86edd2355bb",
              "isHook": false,
              "skipped": false
            },
            {
              "title": "Test7:-should validation display when enter invalid email format",
              "fullTitle": "Login Component Test7:-should validation display when enter invalid email format",
              "timedOut": null,
              "duration": 1176,
              "state": "passed",
              "speed": "fast",
              "pass": true,
              "fail": false,
              "pending": false,
              "context": null,
              "code": "cy.get('a').contains('Login').click();\ncy.get('[name=\"email\"]').type(jsonObject.demailid);\ncy.get('[name=\"password\"]').click();\ncy.contains('Please enter a valid email address').type(\"eq\", \"Please enter a valid email address\");\n// Check if email format is valid using a regular expression\n//expect(/\\b[A-Za-z0-9._%+-]+@[A-Za-z0-9.-]+\\.[A-Z|a-z]{2,}\\b/.test(emailid)).to.be.true;",
              "err": {},
              "uuid": "653063cd-554c-4259-8a22-f7dd45f4abe5",
              "parentUUID": "2967f704-e3b6-4b0a-aa3a-c86edd2355bb",
              "isHook": false,
              "skipped": false
            },
            {
              "title": "Test8:-should enter invalid login credentials",
              "fullTitle": "Login Component Test8:-should enter invalid login credentials",
              "timedOut": null,
              "duration": 1615,
              "state": "passed",
              "speed": "fast",
              "pass": true,
              "fail": false,
              "pending": false,
              "context": null,
              "code": "cy.get('a').contains('Login').click();\ncy.get('[name=\"email\"]').type(jsonObject.emailid);\ncy.get('[name=\"password\"]').type(jsonObject.ipassword);\ncy.get(\"button[type='submit']\").type('Please wait...').click({ force: true });\nvar expectedMessage = 'Email or password not matched';\ncy.get('[role=\"status\"]').contains(expectedMessage);",
              "err": {},
              "uuid": "c097e32e-955c-48d0-9712-20234fedd92f",
              "parentUUID": "2967f704-e3b6-4b0a-aa3a-c86edd2355bb",
              "isHook": false,
              "skipped": false
            },
            {
              "title": "Test9:-should enter valid login credentials",
              "fullTitle": "Login Component Test9:-should enter valid login credentials",
              "timedOut": null,
              "duration": 5647,
              "state": "failed",
              "speed": null,
              "pass": false,
              "fail": true,
              "pending": false,
              "context": null,
              "code": "cy.get('a').contains('Login').click();\ncy.get('[name=\"email\"]').type(jsonObject.emailid);\ncy.get('[name=\"password\"]').type(jsonObject.password);\ncy.get(\"button[type='submit']\").type('Log In').click({ force: true });\nvar expectedMessage = 'Student LoggedIn successFully';\ncy.get('[role=\"status\"]').contains(expectedMessage);",
              "err": {
                "message": "AssertionError: Timed out retrying after 4000ms: Expected to find content: 'Student LoggedIn successFully' within the element: <div.go3958317564> but never did.",
                "estack": "AssertionError: Timed out retrying after 4000ms: Expected to find content: 'Student LoggedIn successFully' within the element: <div.go3958317564> but never did.\n    at Context.eval (webpack://smartlearnstudentpaneltestcases/./cypress/e2e/LoginTest.cy.ts:92:30)",
                "diff": null
              },
              "uuid": "8e823799-c817-42ec-8d03-f7205beb870e",
              "parentUUID": "2967f704-e3b6-4b0a-aa3a-c86edd2355bb",
              "isHook": false,
              "skipped": false
            }
          ],
          "suites": [],
          "passes": [
            "d24c836f-7ae4-4ca8-a031-3e7e8afe14d7",
            "9afd0db4-ac18-4984-80d0-86cfc0311012",
            "baa90524-c92d-45c0-8e20-088c7dbf8282",
            "95281876-b583-4020-92bd-7b6ac242ae73",
            "ab889c36-341e-4686-bf48-91adadad3565",
            "4e8661b1-0a7f-4dff-bf3f-dd6fb42e6146",
            "653063cd-554c-4259-8a22-f7dd45f4abe5",
            "c097e32e-955c-48d0-9712-20234fedd92f"
          ],
          "failures": [
            "8e823799-c817-42ec-8d03-f7205beb870e"
          ],
          "pending": [],
          "skipped": [],
          "duration": 20913,
          "root": false,
          "rootEmpty": false,
          "_timeout": 2000
        }
      ],
      "passes": [],
      "failures": [],
      "pending": [],
      "skipped": [],
      "duration": 0,
      "root": true,
      "rootEmpty": true,
      "_timeout": 2000
    }
  ],
  "meta": {
    "mocha": {
      "version": "7.0.1"
    },
    "mochawesome": {
      "options": {
        "quiet": false,
        "reportFilename": "mochawesome",
        "saveHtml": true,
        "saveJson": true,
        "consoleReporter": "spec",
        "useInlineDiffs": false,
        "code": true
      },
      "version": "7.1.3"
    },
    "marge": {
      "options": {
        "reportDir": "cypress/results",
        "overwrite": false,
        "html": true,
        "json": true,
        "showPassed": true,
        "showFailed": true,
        "showSkipped": true,
        "saveHtml": true,
        "chart": true,
        "enabledCode": false,
        "screenshotOnRunFailure": true,
        "enableCode": false
      },
      "version": "6.2.0"
    }
  }
}